build/app/intermediates/manifest_merge_blame_file/release/manifest-merger-blame-release-report.txt
1<?xml version="1.0" encoding="utf-8"?>
2<manifest xmlns:android="http://schemas.android.com/apk/res/android"
3    package="com.example.home"
4    android:versionCode="1"
5    android:versionName="1.0.0" >
6
7    <uses-sdk
8        android:minSdkVersion="20"
8-->src\main\AndroidManifest.xml
9        android:targetSdkVersion="33" />
9-->src\main\AndroidManifest.xml
10
11    <uses-permission android:name="android.permission.ACCESS_FINE_LOCATION" />
11-->src\main\AndroidManifest.xml:2:3-77
11-->src\main\AndroidManifest.xml:2:20-74
12    <uses-permission android:name="android.permission.ACCESS_COARSE_LOCATION" />
12-->src\main\AndroidManifest.xml:3:3-79
12-->src\main\AndroidManifest.xml:3:20-76
13    <uses-permission android:name="android.permission.ACCESS_NETWORK_STATE" />
13-->[:firebase_analytics] AndroidManifest.xml:9:5-79
13-->[:firebase_analytics] AndroidManifest.xml:9:22-76
14    <uses-permission android:name="android.permission.INTERNET" />
14-->[:firebase_analytics] AndroidManifest.xml:10:5-67
14-->[:firebase_analytics] AndroidManifest.xml:10:22-64
15    <uses-permission android:name="android.permission.WAKE_LOCK" />
15-->[:firebase_analytics] AndroidManifest.xml:11:5-68
15-->[:firebase_analytics] AndroidManifest.xml:11:22-65
16    <uses-permission android:name="android.permission.FOREGROUND_SERVICE" />
16-->[:geolocator_android] AndroidManifest.xml:9:5-77
16-->[:geolocator_android] AndroidManifest.xml:9:22-74
17    <uses-permission android:name="com.google.android.gms.permission.AD_ID" />
17-->[com.google.android.gms:play-services-measurement-api:21.5.0] AndroidManifest.xml:25:5-79
17-->[com.google.android.gms:play-services-measurement-api:21.5.0] AndroidManifest.xml:25:22-76
18    <uses-permission android:name="android.permission.ACCESS_ADSERVICES_ATTRIBUTION" />
18-->[com.google.android.gms:play-services-measurement-api:21.5.0] AndroidManifest.xml:26:5-88
18-->[com.google.android.gms:play-services-measurement-api:21.5.0] AndroidManifest.xml:26:22-85
19    <uses-permission android:name="android.permission.ACCESS_ADSERVICES_AD_ID" />
19-->[com.google.android.gms:play-services-measurement-api:21.5.0] AndroidManifest.xml:27:5-82
19-->[com.google.android.gms:play-services-measurement-api:21.5.0] AndroidManifest.xml:27:22-79
20    <uses-permission android:name="com.google.android.finsky.permission.BIND_GET_INSTALL_REFERRER_SERVICE" />
20-->[com.google.android.gms:play-services-measurement:21.5.0] AndroidManifest.xml:26:5-110
20-->[com.google.android.gms:play-services-measurement:21.5.0] AndroidManifest.xml:26:22-107
21
22    <uses-feature
22-->[com.google.android.gms:play-services-maps:18.2.0] AndroidManifest.xml:26:5-28:35
23        android:glEsVersion="0x00020000"
23-->[com.google.android.gms:play-services-maps:18.2.0] AndroidManifest.xml:27:9-41
24        android:required="true" />
24-->[com.google.android.gms:play-services-maps:18.2.0] AndroidManifest.xml:28:9-32
25
26    <queries>
26-->[com.google.android.gms:play-services-maps:18.2.0] AndroidManifest.xml:30:5-34:15
27
28        <!-- Needs to be explicitly declared on Android R+ -->
29        <package android:name="com.google.android.apps.maps" />
29-->[com.google.android.gms:play-services-maps:18.2.0] AndroidManifest.xml:33:9-64
29-->[com.google.android.gms:play-services-maps:18.2.0] AndroidManifest.xml:33:18-61
30    </queries>
31
32    <permission
32-->[androidx.core:core:1.10.1] AndroidManifest.xml:22:5-24:47
33        android:name="com.example.home.DYNAMIC_RECEIVER_NOT_EXPORTED_PERMISSION"
33-->[androidx.core:core:1.10.1] AndroidManifest.xml:23:9-81
34        android:protectionLevel="signature" />
34-->[androidx.core:core:1.10.1] AndroidManifest.xml:24:9-44
35
36    <uses-permission android:name="com.example.home.DYNAMIC_RECEIVER_NOT_EXPORTED_PERMISSION" />
36-->[androidx.core:core:1.10.1] AndroidManifest.xml:26:5-97
36-->[androidx.core:core:1.10.1] AndroidManifest.xml:26:22-94
37
38    <application
39        android:name="android.app.Application"
39-->src\main\AndroidManifest.xml:5:45-78
40        android:appComponentFactory="androidx.core.app.CoreComponentFactory"
40-->[androidx.core:core:1.10.1] AndroidManifest.xml:28:18-86
41        android:icon="@mipmap/ic_launcher"
41-->src\main\AndroidManifest.xml:5:79-113
42        android:label="Nyx Delivery" >
42-->src\main\AndroidManifest.xml:5:16-44
43        <meta-data
43-->src\main\AndroidManifest.xml:6:5-120
44            android:name="com.google.android.geo.API_KEY"
44-->src\main\AndroidManifest.xml:6:16-61
45            android:value="AIzaSyD5B0NU9ANx7Gmm6T7SSQJAHgAQOkVqZa0" />
45-->src\main\AndroidManifest.xml:6:62-117
46
47        <activity
47-->src\main\AndroidManifest.xml:8:5-21:16
48            android:name="com.example.home.MainActivity"
48-->src\main\AndroidManifest.xml:9:7-35
49            android:configChanges="orientation|keyboardHidden|keyboard|screenSize|smallestScreenSize|locale|layoutDirection|fontScale|screenLayout|density|uiMode"
49-->src\main\AndroidManifest.xml:13:7-157
50            android:exported="true"
50-->src\main\AndroidManifest.xml:10:7-30
51            android:hardwareAccelerated="true"
51-->src\main\AndroidManifest.xml:14:7-41
52            android:launchMode="singleTop"
52-->src\main\AndroidManifest.xml:11:7-37
53            android:theme="@style/LaunchTheme"
53-->src\main\AndroidManifest.xml:12:7-41
54            android:windowSoftInputMode="adjustResize" >
54-->src\main\AndroidManifest.xml:15:7-49
55            <meta-data
55-->src\main\AndroidManifest.xml:16:7-114
56                android:name="io.flutter.embedding.android.NormalTheme"
56-->src\main\AndroidManifest.xml:16:18-73
57                android:resource="@style/NormalTheme" />
57-->src\main\AndroidManifest.xml:16:74-111
58
59            <intent-filter>
59-->src\main\AndroidManifest.xml:17:7-20:23
60                <action android:name="android.intent.action.MAIN" />
60-->src\main\AndroidManifest.xml:18:9-61
60-->src\main\AndroidManifest.xml:18:17-58
61
62                <category android:name="android.intent.category.LAUNCHER" />
62-->src\main\AndroidManifest.xml:19:9-69
62-->src\main\AndroidManifest.xml:19:19-66
63            </intent-filter>
64        </activity>
65
66        <meta-data
66-->src\main\AndroidManifest.xml:23:5-68
67            android:name="flutterEmbedding"
67-->src\main\AndroidManifest.xml:23:16-47
68            android:value="2" />
68-->src\main\AndroidManifest.xml:23:48-65
69
70        <service
70-->[:firebase_analytics] AndroidManifest.xml:14:9-18:19
71            android:name="com.google.firebase.components.ComponentDiscoveryService"
71-->[:firebase_analytics] AndroidManifest.xml:14:18-89
72            android:directBootAware="true"
72-->[com.google.firebase:firebase-common:20.4.2] AndroidManifest.xml:32:13-43
73            android:exported="false" >
73-->[com.google.firebase:firebase-auth:22.3.0] AndroidManifest.xml:68:13-37
74            <meta-data
74-->[:firebase_analytics] AndroidManifest.xml:15:13-17:85
75                android:name="com.google.firebase.components:io.flutter.plugins.firebase.analytics.FlutterFirebaseAppRegistrar"
75-->[:firebase_analytics] AndroidManifest.xml:16:17-128
76                android:value="com.google.firebase.components.ComponentRegistrar" />
76-->[:firebase_analytics] AndroidManifest.xml:17:17-82
77            <meta-data
77-->[:firebase_auth] AndroidManifest.xml:11:13-13:85
78                android:name="com.google.firebase.components:io.flutter.plugins.firebase.auth.FlutterFirebaseAuthRegistrar"
78-->[:firebase_auth] AndroidManifest.xml:12:17-124
79                android:value="com.google.firebase.components.ComponentRegistrar" />
79-->[:firebase_auth] AndroidManifest.xml:13:17-82
80            <meta-data
80-->[:firebase_core] AndroidManifest.xml:11:13-13:85
81                android:name="com.google.firebase.components:io.flutter.plugins.firebase.core.FlutterFirebaseCoreRegistrar"
81-->[:firebase_core] AndroidManifest.xml:12:17-124
82                android:value="com.google.firebase.components.ComponentRegistrar" />
82-->[:firebase_core] AndroidManifest.xml:13:17-82
83            <meta-data
83-->[com.google.firebase:firebase-auth:22.3.0] AndroidManifest.xml:69:13-71:85
84                android:name="com.google.firebase.components:com.google.firebase.auth.FirebaseAuthRegistrar"
84-->[com.google.firebase:firebase-auth:22.3.0] AndroidManifest.xml:70:17-109
85                android:value="com.google.firebase.components.ComponentRegistrar" />
85-->[com.google.firebase:firebase-auth:22.3.0] AndroidManifest.xml:71:17-82
86            <meta-data
86-->[com.google.android.gms:play-services-measurement-api:21.5.0] AndroidManifest.xml:37:13-39:85
87                android:name="com.google.firebase.components:com.google.firebase.analytics.connector.internal.AnalyticsConnectorRegistrar"
87-->[com.google.android.gms:play-services-measurement-api:21.5.0] AndroidManifest.xml:38:17-139
88                android:value="com.google.firebase.components.ComponentRegistrar" />
88-->[com.google.android.gms:play-services-measurement-api:21.5.0] AndroidManifest.xml:39:17-82
89            <meta-data
89-->[com.google.firebase:firebase-installations:17.2.0] AndroidManifest.xml:15:13-17:85
90                android:name="com.google.firebase.components:com.google.firebase.installations.FirebaseInstallationsKtxRegistrar"
90-->[com.google.firebase:firebase-installations:17.2.0] AndroidManifest.xml:16:17-130
91                android:value="com.google.firebase.components.ComponentRegistrar" />
91-->[com.google.firebase:firebase-installations:17.2.0] AndroidManifest.xml:17:17-82
92            <meta-data
92-->[com.google.firebase:firebase-installations:17.2.0] AndroidManifest.xml:18:13-20:85
93                android:name="com.google.firebase.components:com.google.firebase.installations.FirebaseInstallationsRegistrar"
93-->[com.google.firebase:firebase-installations:17.2.0] AndroidManifest.xml:19:17-127
94                android:value="com.google.firebase.components.ComponentRegistrar" />
94-->[com.google.firebase:firebase-installations:17.2.0] AndroidManifest.xml:20:17-82
95            <meta-data
95-->[com.google.firebase:firebase-common-ktx:20.4.2] AndroidManifest.xml:12:13-14:85
96                android:name="com.google.firebase.components:com.google.firebase.ktx.FirebaseCommonLegacyRegistrar"
96-->[com.google.firebase:firebase-common-ktx:20.4.2] AndroidManifest.xml:13:17-116
97                android:value="com.google.firebase.components.ComponentRegistrar" />
97-->[com.google.firebase:firebase-common-ktx:20.4.2] AndroidManifest.xml:14:17-82
98            <meta-data
98-->[com.google.firebase:firebase-common:20.4.2] AndroidManifest.xml:35:13-37:85
99                android:name="com.google.firebase.components:com.google.firebase.FirebaseCommonKtxRegistrar"
99-->[com.google.firebase:firebase-common:20.4.2] AndroidManifest.xml:36:17-109
100                android:value="com.google.firebase.components.ComponentRegistrar" />
100-->[com.google.firebase:firebase-common:20.4.2] AndroidManifest.xml:37:17-82
101        </service>
102        <service
102-->[:geolocator_android] AndroidManifest.xml:12:9-16:56
103            android:name="com.baseflow.geolocator.GeolocatorLocationService"
103-->[:geolocator_android] AndroidManifest.xml:13:13-77
104            android:enabled="true"
104-->[:geolocator_android] AndroidManifest.xml:14:13-35
105            android:exported="false"
105-->[:geolocator_android] AndroidManifest.xml:15:13-37
106            android:foregroundServiceType="location" />
106-->[:geolocator_android] AndroidManifest.xml:16:13-53
107
108        <activity
108-->[:url_launcher_android] AndroidManifest.xml:10:9-13:74
109            android:name="io.flutter.plugins.urllauncher.WebViewActivity"
109-->[:url_launcher_android] AndroidManifest.xml:11:13-74
110            android:exported="false"
110-->[:url_launcher_android] AndroidManifest.xml:12:13-37
111            android:theme="@android:style/Theme.NoTitleBar.Fullscreen" />
111-->[:url_launcher_android] AndroidManifest.xml:13:13-71
112        <activity
112-->[com.google.firebase:firebase-auth:22.3.0] AndroidManifest.xml:29:9-46:20
113            android:name="com.google.firebase.auth.internal.GenericIdpActivity"
113-->[com.google.firebase:firebase-auth:22.3.0] AndroidManifest.xml:30:13-80
114            android:excludeFromRecents="true"
114-->[com.google.firebase:firebase-auth:22.3.0] AndroidManifest.xml:31:13-46
115            android:exported="true"
115-->[com.google.firebase:firebase-auth:22.3.0] AndroidManifest.xml:32:13-36
116            android:launchMode="singleTask"
116-->[com.google.firebase:firebase-auth:22.3.0] AndroidManifest.xml:33:13-44
117            android:theme="@android:style/Theme.Translucent.NoTitleBar" >
117-->[com.google.firebase:firebase-auth:22.3.0] AndroidManifest.xml:34:13-72
118            <intent-filter>
118-->[com.google.firebase:firebase-auth:22.3.0] AndroidManifest.xml:35:13-45:29
119                <action android:name="android.intent.action.VIEW" />
119-->[com.google.firebase:firebase-auth:22.3.0] AndroidManifest.xml:36:17-69
119-->[com.google.firebase:firebase-auth:22.3.0] AndroidManifest.xml:36:25-66
120
121                <category android:name="android.intent.category.DEFAULT" />
121-->[com.google.firebase:firebase-auth:22.3.0] AndroidManifest.xml:38:17-76
121-->[com.google.firebase:firebase-auth:22.3.0] AndroidManifest.xml:38:27-73
122                <category android:name="android.intent.category.BROWSABLE" />
122-->[com.google.firebase:firebase-auth:22.3.0] AndroidManifest.xml:39:17-78
122-->[com.google.firebase:firebase-auth:22.3.0] AndroidManifest.xml:39:27-75
123
124                <data
124-->[com.google.firebase:firebase-auth:22.3.0] AndroidManifest.xml:41:17-44:51
125                    android:host="firebase.auth"
125-->[com.google.firebase:firebase-auth:22.3.0] AndroidManifest.xml:42:21-49
126                    android:path="/"
126-->[com.google.firebase:firebase-auth:22.3.0] AndroidManifest.xml:43:21-37
127                    android:scheme="genericidp" />
127-->[com.google.firebase:firebase-auth:22.3.0] AndroidManifest.xml:44:21-48
128            </intent-filter>
129        </activity>
130        <activity
130-->[com.google.firebase:firebase-auth:22.3.0] AndroidManifest.xml:47:9-64:20
131            android:name="com.google.firebase.auth.internal.RecaptchaActivity"
131-->[com.google.firebase:firebase-auth:22.3.0] AndroidManifest.xml:48:13-79
132            android:excludeFromRecents="true"
132-->[com.google.firebase:firebase-auth:22.3.0] AndroidManifest.xml:49:13-46
133            android:exported="true"
133-->[com.google.firebase:firebase-auth:22.3.0] AndroidManifest.xml:50:13-36
134            android:launchMode="singleTask"
134-->[com.google.firebase:firebase-auth:22.3.0] AndroidManifest.xml:51:13-44
135            android:theme="@android:style/Theme.Translucent.NoTitleBar" >
135-->[com.google.firebase:firebase-auth:22.3.0] AndroidManifest.xml:52:13-72
136            <intent-filter>
136-->[com.google.firebase:firebase-auth:22.3.0] AndroidManifest.xml:53:13-63:29
137                <action android:name="android.intent.action.VIEW" />
137-->[com.google.firebase:firebase-auth:22.3.0] AndroidManifest.xml:36:17-69
137-->[com.google.firebase:firebase-auth:22.3.0] AndroidManifest.xml:36:25-66
138
139                <category android:name="android.intent.category.DEFAULT" />
139-->[com.google.firebase:firebase-auth:22.3.0] AndroidManifest.xml:38:17-76
139-->[com.google.firebase:firebase-auth:22.3.0] AndroidManifest.xml:38:27-73
140                <category android:name="android.intent.category.BROWSABLE" />
140-->[com.google.firebase:firebase-auth:22.3.0] AndroidManifest.xml:39:17-78
140-->[com.google.firebase:firebase-auth:22.3.0] AndroidManifest.xml:39:27-75
141
142                <data
142-->[com.google.firebase:firebase-auth:22.3.0] AndroidManifest.xml:41:17-44:51
143                    android:host="firebase.auth"
143-->[com.google.firebase:firebase-auth:22.3.0] AndroidManifest.xml:42:21-49
144                    android:path="/"
144-->[com.google.firebase:firebase-auth:22.3.0] AndroidManifest.xml:43:21-37
145                    android:scheme="recaptcha" />
145-->[com.google.firebase:firebase-auth:22.3.0] AndroidManifest.xml:44:21-48
146            </intent-filter>
147        </activity>
148
149        <property
149-->[com.google.android.gms:play-services-measurement-api:21.5.0] AndroidManifest.xml:30:9-32:61
150            android:name="android.adservices.AD_SERVICES_CONFIG"
150-->[com.google.android.gms:play-services-measurement-api:21.5.0] AndroidManifest.xml:31:13-65
151            android:resource="@xml/ga_ad_services_config" />
151-->[com.google.android.gms:play-services-measurement-api:21.5.0] AndroidManifest.xml:32:13-58
152
153        <receiver
153-->[com.google.android.gms:play-services-measurement:21.5.0] AndroidManifest.xml:29:9-33:20
154            android:name="com.google.android.gms.measurement.AppMeasurementReceiver"
154-->[com.google.android.gms:play-services-measurement:21.5.0] AndroidManifest.xml:30:13-85
155            android:enabled="true"
155-->[com.google.android.gms:play-services-measurement:21.5.0] AndroidManifest.xml:31:13-35
156            android:exported="false" >
156-->[com.google.android.gms:play-services-measurement:21.5.0] AndroidManifest.xml:32:13-37
157        </receiver>
158
159        <service
159-->[com.google.android.gms:play-services-measurement:21.5.0] AndroidManifest.xml:35:9-38:40
160            android:name="com.google.android.gms.measurement.AppMeasurementService"
160-->[com.google.android.gms:play-services-measurement:21.5.0] AndroidManifest.xml:36:13-84
161            android:enabled="true"
161-->[com.google.android.gms:play-services-measurement:21.5.0] AndroidManifest.xml:37:13-35
162            android:exported="false" />
162-->[com.google.android.gms:play-services-measurement:21.5.0] AndroidManifest.xml:38:13-37
163        <service
163-->[com.google.android.gms:play-services-measurement:21.5.0] AndroidManifest.xml:39:9-43:72
164            android:name="com.google.android.gms.measurement.AppMeasurementJobService"
164-->[com.google.android.gms:play-services-measurement:21.5.0] AndroidManifest.xml:40:13-87
165            android:enabled="true"
165-->[com.google.android.gms:play-services-measurement:21.5.0] AndroidManifest.xml:41:13-35
166            android:exported="false"
166-->[com.google.android.gms:play-services-measurement:21.5.0] AndroidManifest.xml:42:13-37
167            android:permission="android.permission.BIND_JOB_SERVICE" />
167-->[com.google.android.gms:play-services-measurement:21.5.0] AndroidManifest.xml:43:13-69
168
169        <uses-library
169-->[androidx.privacysandbox.ads:ads-adservices:1.0.0-beta05] AndroidManifest.xml:23:9-25:40
170            android:name="android.ext.adservices"
170-->[androidx.privacysandbox.ads:ads-adservices:1.0.0-beta05] AndroidManifest.xml:24:13-50
171            android:required="false" />
171-->[androidx.privacysandbox.ads:ads-adservices:1.0.0-beta05] AndroidManifest.xml:25:13-37
172        <uses-library
172-->[androidx.window:window:1.0.0-beta04] AndroidManifest.xml:25:9-27:40
173            android:name="androidx.window.extensions"
173-->[androidx.window:window:1.0.0-beta04] AndroidManifest.xml:26:13-54
174            android:required="false" />
174-->[androidx.window:window:1.0.0-beta04] AndroidManifest.xml:27:13-37
175        <uses-library
175-->[androidx.window:window:1.0.0-beta04] AndroidManifest.xml:28:9-30:40
176            android:name="androidx.window.sidecar"
176-->[androidx.window:window:1.0.0-beta04] AndroidManifest.xml:29:13-51
177            android:required="false" />
177-->[androidx.window:window:1.0.0-beta04] AndroidManifest.xml:30:13-37
178
179        <provider
179-->[com.google.firebase:firebase-common:20.4.2] AndroidManifest.xml:23:9-28:39
180            android:name="com.google.firebase.provider.FirebaseInitProvider"
180-->[com.google.firebase:firebase-common:20.4.2] AndroidManifest.xml:24:13-77
181            android:authorities="com.example.home.firebaseinitprovider"
181-->[com.google.firebase:firebase-common:20.4.2] AndroidManifest.xml:25:13-72
182            android:directBootAware="true"
182-->[com.google.firebase:firebase-common:20.4.2] AndroidManifest.xml:26:13-43
183            android:exported="false"
183-->[com.google.firebase:firebase-common:20.4.2] AndroidManifest.xml:27:13-37
184            android:initOrder="100" /> <!-- Needs to be explicitly declared on P+ -->
184-->[com.google.firebase:firebase-common:20.4.2] AndroidManifest.xml:28:13-36
185        <uses-library
185-->[com.google.android.gms:play-services-maps:18.2.0] AndroidManifest.xml:39:9-41:40
186            android:name="org.apache.http.legacy"
186-->[com.google.android.gms:play-services-maps:18.2.0] AndroidManifest.xml:40:13-50
187            android:required="false" />
187-->[com.google.android.gms:play-services-maps:18.2.0] AndroidManifest.xml:41:13-37
188
189        <activity
189-->[com.google.android.gms:play-services-base:18.0.1] AndroidManifest.xml:20:9-22:45
190            android:name="com.google.android.gms.common.api.GoogleApiActivity"
190-->[com.google.android.gms:play-services-base:18.0.1] AndroidManifest.xml:20:19-85
191            android:exported="false"
191-->[com.google.android.gms:play-services-base:18.0.1] AndroidManifest.xml:22:19-43
192            android:theme="@android:style/Theme.Translucent.NoTitleBar" />
192-->[com.google.android.gms:play-services-base:18.0.1] AndroidManifest.xml:21:19-78
193
194        <meta-data
194-->[com.google.android.gms:play-services-basement:18.1.0] AndroidManifest.xml:21:9-23:69
195            android:name="com.google.android.gms.version"
195-->[com.google.android.gms:play-services-basement:18.1.0] AndroidManifest.xml:22:13-58
196            android:value="@integer/google_play_services_version" />
196-->[com.google.android.gms:play-services-basement:18.1.0] AndroidManifest.xml:23:13-66
197    </application>
198
199</manifest>